user WKZUVpje5A9LcBaPczuw7FkLFx-CIFfh - GET 304 /api/posts
user WKZUVpje5A9LcBaPczuw7FkLFx-CIFfh - GET 304 /api/posts
user HvOd9-7kOpWGobMhmLQjrcizNItdJgrE - GET 304 /api/posts
user HvOd9-7kOpWGobMhmLQjrcizNItdJgrE - GET 304 /api/posts
user HvOd9-7kOpWGobMhmLQjrcizNItdJgrE - GET 304 /api/posts
user HvOd9-7kOpWGobMhmLQjrcizNItdJgrE - GET 304 /api/posts
user HvOd9-7kOpWGobMhmLQjrcizNItdJgrE - GET 200 /api/posts
user HvOd9-7kOpWGobMhmLQjrcizNItdJgrE - GET 304 /api/posts
user HvOd9-7kOpWGobMhmLQjrcizNItdJgrE - GET 304 /api/posts
user lZg_cLtYv97XNol4H_nZFM1TGgYcwpB7 - GET 304 /api/posts
user Foe4LjUE5pmZhKcSxAaoqP99SuZrklXu - GET 304 /api/posts
user WusgltZWOnAahr3JZLH5Z8olcGWi2VJW - GET 304 /api/posts
user UEYI22YWWTKEGG4USSGMMxK_XZLw4KX8 - GET 304 /api/posts
user UEYI22YWWTKEGG4USSGMMxK_XZLw4KX8 - GET 404 /api/admin
user 01KHrgg9VfdvmlKT0BdcU9RPpJqqiqqc - GET 304 /api/posts
user 01KHrgg9VfdvmlKT0BdcU9RPpJqqiqqc - GET 304 /api/posts
user 01KHrgg9VfdvmlKT0BdcU9RPpJqqiqqc - GET 304 /api/posts
user 4sAHenr_QffRorCTRpscwJVjlAbUayKT - GET 304 /api/posts
user 4sAHenr_QffRorCTRpscwJVjlAbUayKT - GET 200 /api
user hJhYp75rFD_UQTVxYhVBe4g3kJKQeh-f - GET 304 /api/posts
user JKGdWx6jwWXe0_dtg2MZR6nQ12E1Zp2R - GET 304 /api/posts
user JKGdWx6jwWXe0_dtg2MZR6nQ12E1Zp2R - GET 304 /api/posts
user JKGdWx6jwWXe0_dtg2MZR6nQ12E1Zp2R - GET 200 /api/posts
user JKGdWx6jwWXe0_dtg2MZR6nQ12E1Zp2R - GET 304 /api/posts
user JKGdWx6jwWXe0_dtg2MZR6nQ12E1Zp2R - GET 304 /api/posts
user JKGdWx6jwWXe0_dtg2MZR6nQ12E1Zp2R - GET 304 /api/posts
user JKGdWx6jwWXe0_dtg2MZR6nQ12E1Zp2R - GET 304 /api/posts
user JKGdWx6jwWXe0_dtg2MZR6nQ12E1Zp2R - GET 304 /api/posts
user 2zqrC2SEhBVitC9q_WuVQgEkyc6sAfjM - GET 200 /api/posts
user 81i1PcuogihfAkDaU0JC2suVBIAfDeDh - GET 200 /api/posts
user GrbUYaQl-4ff2WpLOAFIhUG-1X09dM7Q - GET 200 /api/posts
user GrbUYaQl-4ff2WpLOAFIhUG-1X09dM7Q - GET 200 /api/posts
user nNkceoTdxBlfgjz8NsV4tfSccd_uu5b3 - GET 304 /api/posts
 user Eju6MBig9qx-JW14so2DCakYyOTITqDN - POST 200 /api/login
user NBkNJ4le7nrwbvCHijWZc9TFJTewBT09 - POST 200 /api/login
user fb9hgmYc6bCl3C9UBCvVgPLYJ78m9tz7 - POST 200 /api/login
user SH2SE0i68peRO4uqYGMavJGziGu-Y0RX - GET 403 /api/posts
user mfFDyoJMD5sGRGlkCwAuqhwvBBg86_os - POST 200 /api/login
nmcclay@nickmcclay.com admin - POST 200 /api/login
nmcclay@nickmcclay.com admin - POST 200 /api/login
nmcclay@nickmcclay.com admin - POST 200 /api/login
nmcclay@nickmcclay.com admin - POST 200 /api/login
nmcclay@nickmcclay.com admin - POST 200 /api/login
nmcclay@nickmcclay.com admin - POST 200 /api/login
nmcclay@nickmcclay.com admin - POST 200 /api/login
nmcclay@nickmcclay.com admin - POST 200 /api/login
nmcclay@nickmcclay.com admin - POST 200 /api/login
nmcclay@nickmcclay.com admin - POST 200 /api/login
nmcclay@nickmcclay.com admin - POST 200 /api/login
nmcclay@nickmcclay.com admin - POST 200 /api/login
nmcclay@nickmcclay.com admin - POST 200 /api/login
nmcclay@nickmcclay.com admin - POST 200 /api/login
nmcclay@nickmcclay.com admin - POST 200 /api/login
nmcclay@nickmcclay.com admin - POST 200 /api/login
nmcclay@nickmcclay.com admin - POST 200 /api/login
nmcclay@nickmcclay.com admin - POST 200 /api/login
nmcclay@nickmcclay.com admin - POST 200 /api/login
nmcclay@nickmcclay.com admin - POST 200 /api/login
nmcclay@nickmcclay.com admin - POST 200 /api/login
nmcclay@nickmcclay.com admin - POST 200 /api/login
nmcclay@nickmcclay.com admin - POST 200 /api/login
nmcclay@nickmcclay.com admin - POST 200 /api/login
nmcclay@nickmcclay.com admin - POST 200 /api/login
nmcclay@nickmcclay.com admin - POST 200 /api/login
nmcclay@nickmcclay.com admin - POST 200 /api/login
nmcclay@nickmcclay.com admin - POST 200 /api/login
nmcclay@nickmcclay.com admin - POST 200 /api/login
nmcclay@nickmcclay.com admin - POST 200 /api/login
nmcclay@nickmcclay.com admin - POST 200 /api/login
